<?xml version="1.0" encoding="UTF-8"?>
<!-- Generated by org.testng.reporters.JUnitXMLReporter -->
<testsuite ignored="7" hostname="DESKTOP-SI180QA" failures="1" tests="2" name="edge test" time="20.105" errors="0" timestamp="2023-01-19T07:45:54 IST">
  <testcase classname="seleniumbasics.DemoWebShop" name="TC_001_verifyDemoWebShopTitle" time="0.021"/>
  <testcase classname="seleniumbasics.DemoWebShop" name="TC_003_verifyRegistration" time="1.599">
    <failure type="org.openqa.selenium.NoSuchElementException" message="no such element: Unable to locate element: {&amp;quot;method&amp;quot;:&amp;quot;xpath&amp;quot;,&amp;quot;selector&amp;quot;:&amp;quot;//div[@class=&amp;apos;header-links&amp;apos;]//a[@class=&amp;apos;account&amp;apos;]&amp;quot;}
  (Session info: MicrosoftEdge=109.0.1518.55)
For documentation on this error, please visit: https://selenium.dev/exceptions/#no_such_element
Build info: version: &amp;apos;4.7.2&amp;apos;, revision: &amp;apos;4d4020c3b7&amp;apos;
System info: os.name: &amp;apos;Windows 11&amp;apos;, os.arch: &amp;apos;amd64&amp;apos;, os.version: &amp;apos;10.0&amp;apos;, java.version: &amp;apos;17.0.5&amp;apos;
Driver info: org.openqa.selenium.edge.EdgeDriver
Command: [80ba591646a620854496c688856d8daa, findElement {using=xpath, value=//div[@class=&amp;apos;header-links&amp;apos;]//a[@class=&amp;apos;account&amp;apos;]}]
Capabilities {acceptInsecureCerts: false, browserName: msedge, browserVersion: 109.0.1518.55, ms:edgeOptions: {debuggerAddress: localhost:58957}, msedge: {msedgedriverVersion: 109.0.1518.55 (354a05280ee6..., userDataDir: C:\Users\KRISHN~1\AppData\L...}, networkConnectionEnabled: false, pageLoadStrategy: normal, platformName: WINDOWS, proxy: Proxy(), se:cdp: ws://localhost:58957/devtoo..., se:cdpVersion: 109.0.1518.55, setWindowRect: true, strictFileInteractability: false, timeouts: {implicit: 0, pageLoad: 300000, script: 30000}, unhandledPromptBehavior: dismiss and notify, webauthn:extension:credBlob: true, webauthn:extension:largeBlob: true, webauthn:virtualAuthenticators: true}
Session ID: 80ba591646a620854496c688856d8daa">
      <![CDATA[org.openqa.selenium.NoSuchElementException: no such element: Unable to locate element: {"method":"xpath","selector":"//div[@class='header-links']//a[@class='account']"}
  (Session info: MicrosoftEdge=109.0.1518.55)
For documentation on this error, please visit: https://selenium.dev/exceptions/#no_such_element
Build info: version: '4.7.2', revision: '4d4020c3b7'
System info: os.name: 'Windows 11', os.arch: 'amd64', os.version: '10.0', java.version: '17.0.5'
Driver info: org.openqa.selenium.edge.EdgeDriver
Command: [80ba591646a620854496c688856d8daa, findElement {using=xpath, value=//div[@class='header-links']//a[@class='account']}]
Capabilities {acceptInsecureCerts: false, browserName: msedge, browserVersion: 109.0.1518.55, ms:edgeOptions: {debuggerAddress: localhost:58957}, msedge: {msedgedriverVersion: 109.0.1518.55 (354a05280ee6..., userDataDir: C:\Users\KRISHN~1\AppData\L...}, networkConnectionEnabled: false, pageLoadStrategy: normal, platformName: WINDOWS, proxy: Proxy(), se:cdp: ws://localhost:58957/devtoo..., se:cdpVersion: 109.0.1518.55, setWindowRect: true, strictFileInteractability: false, timeouts: {implicit: 0, pageLoad: 300000, script: 30000}, unhandledPromptBehavior: dismiss and notify, webauthn:extension:credBlob: true, webauthn:extension:largeBlob: true, webauthn:virtualAuthenticators: true}
Session ID: 80ba591646a620854496c688856d8daa
at org.openqa.selenium.remote.codec.w3c.W3CHttpResponseCodec.createException(W3CHttpResponseCodec.java:200)
at org.openqa.selenium.remote.codec.w3c.W3CHttpResponseCodec.decode(W3CHttpResponseCodec.java:133)
at org.openqa.selenium.remote.codec.w3c.W3CHttpResponseCodec.decode(W3CHttpResponseCodec.java:53)
at org.openqa.selenium.remote.HttpCommandExecutor.execute(HttpCommandExecutor.java:184)
at org.openqa.selenium.remote.service.DriverCommandExecutor.invokeExecute(DriverCommandExecutor.java:167)
at org.openqa.selenium.remote.service.DriverCommandExecutor.execute(DriverCommandExecutor.java:142)
at org.openqa.selenium.remote.RemoteWebDriver.execute(RemoteWebDriver.java:535)
at org.openqa.selenium.remote.ElementLocation$ElementFinder$2.findElement(ElementLocation.java:162)
at org.openqa.selenium.remote.ElementLocation.findElement(ElementLocation.java:60)
at org.openqa.selenium.remote.RemoteWebDriver.findElement(RemoteWebDriver.java:351)
at org.openqa.selenium.remote.RemoteWebDriver.findElement(RemoteWebDriver.java:343)
at seleniumbasics.DemoWebShop.TC_003_verifyRegistration(DemoWebShop.java:99)
at java.base/java.util.ArrayList.forEach(ArrayList.java:1511)
at com.intellij.rt.testng.IDEARemoteTestNG.run(IDEARemoteTestNG.java:66)
at com.intellij.rt.testng.RemoteTestNGStarter.main(RemoteTestNGStarter.java:109)
... Removed 29 stack frames]]>
    </failure>
  </testcase> <!-- TC_003_verifyRegistration -->
  <testcase classname="seleniumbasics.DemoWebShop" name="TC_002_verifyLogin" time="0.0">
    <ignored/>
  </testcase> <!-- TC_002_verifyLogin -->
  <testcase classname="seleniumbasics.DemoWebShop" name="TC_007_verifyValidLoginWithDataProviderHomework" time="0.0">
    <ignored/>
  </testcase> <!-- TC_007_verifyValidLoginWithDataProviderHomework -->
  <testcase classname="seleniumbasics.DemoWebShop" name="TC_009_verifyRegistrationWithExcelAndRandomDataGeneration" time="0.0">
    <ignored/>
  </testcase> <!-- TC_009_verifyRegistrationWithExcelAndRandomDataGeneration -->
  <testcase classname="seleniumbasics.DemoWebShop" name="TC_005_verifyInvalidLoginWithDataProvider" time="0.0">
    <ignored/>
  </testcase> <!-- TC_005_verifyInvalidLoginWithDataProvider -->
  <testcase classname="seleniumbasics.DemoWebShop" name="TC_006_verifyRegistrationDataRandomGeneration" time="0.0">
    <ignored/>
  </testcase> <!-- TC_006_verifyRegistrationDataRandomGeneration -->
  <testcase classname="seleniumbasics.DemoWebShop" name="TC_004_verifyDemoWebShopTitleWithExcelHomeWork" time="0.0">
    <ignored/>
  </testcase> <!-- TC_004_verifyDemoWebShopTitleWithExcelHomeWork -->
  <testcase classname="seleniumbasics.DemoWebShop" name="TC_008_verifyValidLoginWithParameterHomework" time="0.0">
    <ignored/>
  </testcase> <!-- TC_008_verifyValidLoginWithParameterHomework -->
</testsuite> <!-- edge test -->
