<?xml version="1.0" encoding="UTF-8"?>
<!-- Generated by org.testng.reporters.JUnitXMLReporter -->
<testsuite ignored="40" hostname="DESKTOP-SI180QA" failures="1" tests="5" name="Functional Test" time="63.432" errors="0" timestamp="2023-01-13T08:32:01 IST">
  <testcase classname="seleniumbasics.SeleniumBasics" name="TC_001_verifyObsquraTitle" time="5.013">
    <failure type="java.lang.AssertionError" message="Invalid Title found expected [Obsqura Testing1] but found [Obsqura Testing]">
      <![CDATA[java.lang.AssertionError: Invalid Title found expected [Obsqura Testing1] but found [Obsqura Testing]
at seleniumbasics.SeleniumBasics.TC_001_verifyObsquraTitle(SeleniumBasics.java:97)
at java.base/java.util.ArrayList.forEach(ArrayList.java:1511)
at com.intellij.rt.testng.IDEARemoteTestNG.run(IDEARemoteTestNG.java:66)
at com.intellij.rt.testng.RemoteTestNGStarter.main(RemoteTestNGStarter.java:109)
... Removed 29 stack frames]]>
    </failure>
  </testcase> <!-- TC_001_verifyObsquraTitle -->
  <testcase classname="seleniumbasics.SeleniumBasics" name="TC_002_simpleInputForm" time="1.845"/>
  <testcase classname="seleniumbasics.SeleniumBasics" name="TC_003_verifyTotal" time="1.893"/>
  <testcase classname="seleniumbasics.Vehicle" name="verifyVehicleQuality" time="0.0"/>
  <testcase classname="seleniumbasics.Vehicle" name="verifyvehicleBrand" time="0.001"/>
  <testcase classname="seleniumbasics.SeleniumBasics" name="TC_041_verifyHorizontalScroll" time="0.0">
    <ignored/>
  </testcase> <!-- TC_041_verifyHorizontalScroll -->
  <testcase classname="seleniumbasics.SeleniumBasics" name="TC_042_verifyTable" time="0.0">
    <ignored/>
  </testcase> <!-- TC_042_verifyTable -->
  <testcase classname="seleniumbasics.SeleniumBasics" name="TC_011_verifyRefresh" time="0.0">
    <ignored/>
  </testcase> <!-- TC_011_verifyRefresh -->
  <testcase classname="seleniumbasics.SeleniumBasics" name="TC_025_verifyTextInaFrame" time="0.0">
    <ignored/>
  </testcase> <!-- TC_025_verifyTextInaFrame -->
  <testcase classname="seleniumbasics.SeleniumBasics" name="TC_004_verifyEmptyFieldsValidation" time="0.0">
    <ignored/>
  </testcase> <!-- TC_004_verifyEmptyFieldsValidation -->
  <testcase classname="seleniumbasics.SeleniumBasics" name="TC_015_verifyIsSelected" time="0.0">
    <ignored/>
  </testcase> <!-- TC_015_verifyIsSelected -->
  <testcase classname="seleniumbasics.SeleniumBasics" name="TC_017_verifyDifferenceBetweenFindElementAndFindElements" time="0.0">
    <ignored/>
  </testcase> <!-- TC_017_verifyDifferenceBetweenFindElementAndFindElements -->
  <testcase classname="seleniumbasics.SeleniumBasics" name="TC_043_verifyFileUploadUsingRobotClass" time="0.0">
    <ignored/>
  </testcase> <!-- TC_043_verifyFileUploadUsingRobotClass -->
  <testcase classname="seleniumbasics.SeleniumBasics" name="TC_029_verifyDragAndDrop" time="0.0">
    <ignored/>
  </testcase> <!-- TC_029_verifyDragAndDrop -->
  <testcase classname="seleniumbasics.SeleniumBasics" name="TC_028_verifyMouseOver" time="0.0">
    <ignored/>
  </testcase> <!-- TC_028_verifyMouseOver -->
  <testcase classname="seleniumbasics.SeleniumBasics" name="TC_005_verifyEmptyFieldCityStateValidation" time="0.0">
    <ignored/>
  </testcase> <!-- TC_005_verifyEmptyFieldCityStateValidation -->
  <testcase classname="seleniumbasics.SeleniumBasics" name="TC_020_verifyMultipleWindowHandlingHomeWork2" time="0.0">
    <ignored/>
  </testcase> <!-- TC_020_verifyMultipleWindowHandlingHomeWork2 -->
  <testcase classname="seleniumbasics.SeleniumBasics" name="TC_012_verifyForwardAndBackward" time="0.0">
    <ignored/>
  </testcase> <!-- TC_012_verifyForwardAndBackward -->
  <testcase classname="seleniumbasics.SeleniumBasics" name="TC_033_verifyValuesInDropDown" time="0.0">
    <ignored/>
  </testcase> <!-- TC_033_verifyValuesInDropDown -->
  <testcase classname="seleniumbasics.SeleniumBasics" name="TC_013_verifyWebElementCommands" time="0.0">
    <ignored/>
  </testcase> <!-- TC_013_verifyWebElementCommands -->
  <testcase classname="seleniumbasics.SeleniumBasics" name="TC_027_verifyDoubleClick" time="0.0">
    <ignored/>
  </testcase> <!-- TC_027_verifyDoubleClick -->
  <testcase classname="seleniumbasics.SeleniumBasics" name="TC_026_VerifyRightClick" time="0.0">
    <ignored/>
  </testcase> <!-- TC_026_VerifyRightClick -->
  <testcase classname="seleniumbasics.SeleniumBasics" name="TC_009_verifyQuitAndClose" time="0.0">
    <ignored/>
  </testcase> <!-- TC_009_verifyQuitAndClose -->
  <testcase classname="seleniumbasics.SeleniumBasics" name="TC_016_verifyIsEnabled" time="0.0">
    <ignored/>
  </testcase> <!-- TC_016_verifyIsEnabled -->
  <testcase classname="seleniumbasics.SeleniumBasics" name="TC_031_verifyDragAndDropHomeWork" time="0.0">
    <ignored/>
  </testcase> <!-- TC_031_verifyDragAndDropHomeWork -->
  <testcase classname="seleniumbasics.SeleniumBasics" name="TC_024_verifyPromptAlert" time="0.0">
    <ignored/>
  </testcase> <!-- TC_024_verifyPromptAlert -->
  <testcase classname="seleniumbasics.SeleniumBasics" name="TC_008_verifyInstantDemoRequestForm" time="0.0">
    <ignored/>
  </testcase> <!-- TC_008_verifyInstantDemoRequestForm -->
  <testcase classname="seleniumbasics.SeleniumBasics" name="TC_036_verifyClickAndSendKeysUsingJavaScriptExecutor" time="0.0">
    <ignored/>
  </testcase> <!-- TC_036_verifyClickAndSendKeysUsingJavaScriptExecutor -->
  <testcase classname="seleniumbasics.SeleniumBasics" name="TC_030_verifyDragAndDropByOffset" time="0.0">
    <ignored/>
  </testcase> <!-- TC_030_verifyDragAndDropByOffset -->
  <testcase classname="seleniumbasics.SeleniumBasics" name="TC_035_verifyFileUploadInSelenium" time="0.0">
    <ignored/>
  </testcase> <!-- TC_035_verifyFileUploadInSelenium -->
  <testcase classname="seleniumbasics.SeleniumBasics" name="TC_039_verifyScrollingToViewOfWebElement" time="0.0">
    <ignored/>
  </testcase> <!-- TC_039_verifyScrollingToViewOfWebElement -->
  <testcase classname="seleniumbasics.SeleniumBasics" name="TC_010_verifyNavigateTo" time="0.0">
    <ignored/>
  </testcase> <!-- TC_010_verifyNavigateTo -->
  <testcase classname="seleniumbasics.SeleniumBasics" name="TC_022_verifySimpleAlert" time="0.0">
    <ignored/>
  </testcase> <!-- TC_022_verifySimpleAlert -->
  <testcase classname="seleniumbasics.SeleniumBasics" name="TC_019_verifyMultipleWindowHandlingHomeWork1" time="0.0">
    <ignored/>
  </testcase> <!-- TC_019_verifyMultipleWindowHandlingHomeWork1 -->
  <testcase classname="seleniumbasics.SeleniumBasics" name="TC_023_verifyConfirmationAlert" time="0.0">
    <ignored/>
  </testcase> <!-- TC_023_verifyConfirmationAlert -->
  <testcase classname="seleniumbasics.SeleniumBasics" name="TC_018_verifyMultipleWindowHandling" time="0.0">
    <ignored/>
  </testcase> <!-- TC_018_verifyMultipleWindowHandling -->
  <testcase classname="seleniumbasics.SeleniumBasics" name="TC_021_verifyMultipleWindowHandlingHomeWork3" time="0.0">
    <ignored/>
  </testcase> <!-- TC_021_verifyMultipleWindowHandlingHomeWork3 -->
  <testcase classname="seleniumbasics.SeleniumBasics" name="TC_037_verifyWaitInSelenium" time="0.0">
    <ignored/>
  </testcase> <!-- TC_037_verifyWaitInSelenium -->
  <testcase classname="seleniumbasics.SeleniumBasics" name="TC_014_verifyIsDisplayed" time="0.0">
    <ignored/>
  </testcase> <!-- TC_014_verifyIsDisplayed -->
  <testcase classname="seleniumbasics.SeleniumBasics" name="TC_006_verifySubmitForm" time="0.0">
    <ignored/>
  </testcase> <!-- TC_006_verifySubmitForm -->
  <testcase classname="seleniumbasics.SeleniumBasics" name="TC_040_verifyScrollToBottomOfThePage" time="0.0">
    <ignored/>
  </testcase> <!-- TC_040_verifyScrollToBottomOfThePage -->
  <testcase classname="seleniumbasics.SeleniumBasics" name="TC_034_verifyMethodsInSelectClass" time="0.0">
    <ignored/>
  </testcase> <!-- TC_034_verifyMethodsInSelectClass -->
  <testcase classname="seleniumbasics.SeleniumBasics" name="TC_032_verifyResizeHomeWork" time="0.0">
    <ignored/>
  </testcase> <!-- TC_032_verifyResizeHomeWork -->
  <testcase classname="seleniumbasics.SeleniumBasics" name="TC_007_verifyNewsLetterSubscription" time="0.0">
    <ignored/>
  </testcase> <!-- TC_007_verifyNewsLetterSubscription -->
  <testcase classname="seleniumbasics.SeleniumBasics" name="TC_038_verifyScrollDownOfWebpage" time="0.0">
    <ignored/>
  </testcase> <!-- TC_038_verifyScrollDownOfWebpage -->
</testsuite> <!-- Functional Test -->
