<?xml version="1.0" encoding="UTF-8"?>
<testng-results ignored="13" total="18" passed="4" failed="1" skipped="0">
  <reporter-output>
  </reporter-output>
  <suite started-at="2023-01-19T07:44:42 IST" name="Parameter suite" finished-at="2023-01-19T07:45:54 IST" duration-ms="72495">
    <groups>
    </groups>
    <test started-at="2023-01-19T07:44:42 IST" name="chrome test" finished-at="2023-01-19T07:45:34 IST" duration-ms="52360">
      <class name="seleniumbasics.DemoWebShop">
        <test-method is-config="true" signature="setUp(java.lang.String,java.lang.String)[pri:0, instance:seleniumbasics.DemoWebShop@222114ba]" started-at="2023-01-19T07:44:42 IST" name="setUp" finished-at="2023-01-19T07:44:55 IST" duration-ms="12549" status="PASS">
          <params>
            <param index="0">
              <value>
                <![CDATA[chrome]]>
              </value>
            </param>
            <param index="1">
              <value>
                <![CDATA[https://demowebshop.tricentis.com/]]>
              </value>
            </param>
          </params>
          <reporter-output>
          </reporter-output>
        </test-method> <!-- setUp -->
        <test-method signature="TC_001_verifyDemoWebShopTitle()[pri:0, instance:seleniumbasics.DemoWebShop@222114ba]" started-at="2023-01-19T07:44:55 IST" name="TC_001_verifyDemoWebShopTitle" finished-at="2023-01-19T07:44:55 IST" duration-ms="14" status="PASS">
          <reporter-output>
          </reporter-output>
        </test-method> <!-- TC_001_verifyDemoWebShopTitle -->
        <test-method is-config="true" signature="tearDown(org.testng.ITestResult)[pri:0, instance:seleniumbasics.DemoWebShop@222114ba]" started-at="2023-01-19T07:44:55 IST" name="tearDown" finished-at="2023-01-19T07:44:55 IST" duration-ms="150" status="PASS">
          <params>
            <param index="0">
              <value>
                <![CDATA[[TestResult name=TC_001_verifyDemoWebShopTitle status=SUCCESS method=DemoWebShop.TC_001_verifyDemoWebShopTitle()[pri:0, instance:seleniumbasics.DemoWebShop@222114ba] output={null}]]]>
              </value>
            </param>
          </params>
          <reporter-output>
          </reporter-output>
        </test-method> <!-- tearDown -->
        <test-method is-config="true" signature="setUp(java.lang.String,java.lang.String)[pri:0, instance:seleniumbasics.DemoWebShop@222114ba]" started-at="2023-01-19T07:44:55 IST" name="setUp" finished-at="2023-01-19T07:45:02 IST" duration-ms="6799" status="PASS">
          <params>
            <param index="0">
              <value>
                <![CDATA[chrome]]>
              </value>
            </param>
            <param index="1">
              <value>
                <![CDATA[https://demowebshop.tricentis.com/]]>
              </value>
            </param>
          </params>
          <reporter-output>
          </reporter-output>
        </test-method> <!-- setUp -->
        <test-method signature="TC_008_verifyValidLoginWithParameterHomework(java.lang.String,java.lang.String)[pri:0, instance:seleniumbasics.DemoWebShop@222114ba]" started-at="2023-01-19T07:45:02 IST" name="TC_008_verifyValidLoginWithParameterHomework" finished-at="2023-01-19T07:45:04 IST" duration-ms="2112" status="PASS">
          <params>
            <param index="0">
              <value>
                <![CDATA[priyagopaltestn@gmail.com]]>
              </value>
            </param>
            <param index="1">
              <value>
                <![CDATA[test123]]>
              </value>
            </param>
          </params>
          <reporter-output>
          </reporter-output>
        </test-method> <!-- TC_008_verifyValidLoginWithParameterHomework -->
        <test-method is-config="true" signature="tearDown(org.testng.ITestResult)[pri:0, instance:seleniumbasics.DemoWebShop@222114ba]" started-at="2023-01-19T07:45:04 IST" name="tearDown" finished-at="2023-01-19T07:45:04 IST" duration-ms="197" status="PASS">
          <params>
            <param index="0">
              <value>
                <![CDATA[[TestResult name=TC_008_verifyValidLoginWithParameterHomework status=SUCCESS method=DemoWebShop.TC_008_verifyValidLoginWithParameterHomework(java.lang.String,java.lang.String)[pri:0, instance:seleniumbasics.DemoWebShop@222114ba] output={null}]]]>
              </value>
            </param>
          </params>
          <reporter-output>
          </reporter-output>
        </test-method> <!-- tearDown -->
        <test-method is-config="true" signature="setUp(java.lang.String,java.lang.String)[pri:0, instance:seleniumbasics.DemoWebShop@222114ba]" started-at="2023-01-19T07:45:04 IST" name="setUp" finished-at="2023-01-19T07:45:14 IST" duration-ms="9736" status="PASS">
          <params>
            <param index="0">
              <value>
                <![CDATA[chrome]]>
              </value>
            </param>
            <param index="1">
              <value>
                <![CDATA[https://demowebshop.tricentis.com/]]>
              </value>
            </param>
          </params>
          <reporter-output>
          </reporter-output>
        </test-method> <!-- setUp -->
        <test-method signature="TC_009_verifyRegistrationWithExcelAndRandomDataGeneration()[pri:0, instance:seleniumbasics.DemoWebShop@222114ba]" started-at="2023-01-19T07:45:14 IST" name="TC_009_verifyRegistrationWithExcelAndRandomDataGeneration" finished-at="2023-01-19T07:45:18 IST" duration-ms="4409" status="PASS">
          <reporter-output>
          </reporter-output>
        </test-method> <!-- TC_009_verifyRegistrationWithExcelAndRandomDataGeneration -->
        <test-method is-config="true" signature="tearDown(org.testng.ITestResult)[pri:0, instance:seleniumbasics.DemoWebShop@222114ba]" started-at="2023-01-19T07:45:18 IST" name="tearDown" finished-at="2023-01-19T07:45:34 IST" duration-ms="16256" status="PASS">
          <params>
            <param index="0">
              <value>
                <![CDATA[[TestResult name=TC_009_verifyRegistrationWithExcelAndRandomDataGeneration status=SUCCESS method=DemoWebShop.TC_009_verifyRegistrationWithExcelAndRandomDataGeneration()[pri:0, instance:seleniumbasics.DemoWebShop@222114ba] output={null}]]]>
              </value>
            </param>
          </params>
          <reporter-output>
          </reporter-output>
        </test-method> <!-- tearDown -->
      </class> <!-- seleniumbasics.DemoWebShop -->
    </test> <!-- chrome test -->
    <test started-at="2023-01-19T07:45:34 IST" name="edge test" finished-at="2023-01-19T07:45:54 IST" duration-ms="20105">
      <class name="seleniumbasics.DemoWebShop">
        <test-method is-config="true" signature="setUp(java.lang.String,java.lang.String)[pri:0, instance:seleniumbasics.DemoWebShop@149e0f5d]" started-at="2023-01-19T07:45:34 IST" name="setUp" finished-at="2023-01-19T07:45:44 IST" duration-ms="9432" status="PASS">
          <params>
            <param index="0">
              <value>
                <![CDATA[Edge]]>
              </value>
            </param>
            <param index="1">
              <value>
                <![CDATA[https://demowebshop.tricentis.com/]]>
              </value>
            </param>
          </params>
          <reporter-output>
          </reporter-output>
        </test-method> <!-- setUp -->
        <test-method signature="TC_001_verifyDemoWebShopTitle()[pri:0, instance:seleniumbasics.DemoWebShop@149e0f5d]" started-at="2023-01-19T07:45:44 IST" name="TC_001_verifyDemoWebShopTitle" finished-at="2023-01-19T07:45:44 IST" duration-ms="21" status="PASS">
          <reporter-output>
          </reporter-output>
        </test-method> <!-- TC_001_verifyDemoWebShopTitle -->
        <test-method is-config="true" signature="tearDown(org.testng.ITestResult)[pri:0, instance:seleniumbasics.DemoWebShop@149e0f5d]" started-at="2023-01-19T07:45:44 IST" name="tearDown" finished-at="2023-01-19T07:45:44 IST" duration-ms="155" status="PASS">
          <params>
            <param index="0">
              <value>
                <![CDATA[[TestResult name=TC_001_verifyDemoWebShopTitle status=SUCCESS method=DemoWebShop.TC_001_verifyDemoWebShopTitle()[pri:0, instance:seleniumbasics.DemoWebShop@149e0f5d] output={null}]]]>
              </value>
            </param>
          </params>
          <reporter-output>
          </reporter-output>
        </test-method> <!-- tearDown -->
        <test-method is-config="true" signature="setUp(java.lang.String,java.lang.String)[pri:0, instance:seleniumbasics.DemoWebShop@149e0f5d]" started-at="2023-01-19T07:45:44 IST" name="setUp" finished-at="2023-01-19T07:45:52 IST" duration-ms="8489" status="PASS">
          <params>
            <param index="0">
              <value>
                <![CDATA[Edge]]>
              </value>
            </param>
            <param index="1">
              <value>
                <![CDATA[https://demowebshop.tricentis.com/]]>
              </value>
            </param>
          </params>
          <reporter-output>
          </reporter-output>
        </test-method> <!-- setUp -->
        <test-method signature="TC_003_verifyRegistration()[pri:0, instance:seleniumbasics.DemoWebShop@149e0f5d]" started-at="2023-01-19T07:45:52 IST" name="TC_003_verifyRegistration" finished-at="2023-01-19T07:45:54 IST" duration-ms="1599" status="FAIL">
          <exception class="org.openqa.selenium.NoSuchElementException">
            <message>
              <![CDATA[no such element: Unable to locate element: {"method":"xpath","selector":"//div[@class='header-links']//a[@class='account']"}
  (Session info: MicrosoftEdge=109.0.1518.55)
For documentation on this error, please visit: https://selenium.dev/exceptions/#no_such_element
Build info: version: '4.7.2', revision: '4d4020c3b7'
System info: os.name: 'Windows 11', os.arch: 'amd64', os.version: '10.0', java.version: '17.0.5'
Driver info: org.openqa.selenium.edge.EdgeDriver
Command: [80ba591646a620854496c688856d8daa, findElement {using=xpath, value=//div[@class='header-links']//a[@class='account']}]
Capabilities {acceptInsecureCerts: false, browserName: msedge, browserVersion: 109.0.1518.55, ms:edgeOptions: {debuggerAddress: localhost:58957}, msedge: {msedgedriverVersion: 109.0.1518.55 (354a05280ee6..., userDataDir: C:\Users\KRISHN~1\AppData\L...}, networkConnectionEnabled: false, pageLoadStrategy: normal, platformName: WINDOWS, proxy: Proxy(), se:cdp: ws://localhost:58957/devtoo..., se:cdpVersion: 109.0.1518.55, setWindowRect: true, strictFileInteractability: false, timeouts: {implicit: 0, pageLoad: 300000, script: 30000}, unhandledPromptBehavior: dismiss and notify, webauthn:extension:credBlob: true, webauthn:extension:largeBlob: true, webauthn:virtualAuthenticators: true}
Session ID: 80ba591646a620854496c688856d8daa]]>
            </message>
            <full-stacktrace>
              <![CDATA[org.openqa.selenium.NoSuchElementException: no such element: Unable to locate element: {"method":"xpath","selector":"//div[@class='header-links']//a[@class='account']"}
  (Session info: MicrosoftEdge=109.0.1518.55)
For documentation on this error, please visit: https://selenium.dev/exceptions/#no_such_element
Build info: version: '4.7.2', revision: '4d4020c3b7'
System info: os.name: 'Windows 11', os.arch: 'amd64', os.version: '10.0', java.version: '17.0.5'
Driver info: org.openqa.selenium.edge.EdgeDriver
Command: [80ba591646a620854496c688856d8daa, findElement {using=xpath, value=//div[@class='header-links']//a[@class='account']}]
Capabilities {acceptInsecureCerts: false, browserName: msedge, browserVersion: 109.0.1518.55, ms:edgeOptions: {debuggerAddress: localhost:58957}, msedge: {msedgedriverVersion: 109.0.1518.55 (354a05280ee6..., userDataDir: C:\Users\KRISHN~1\AppData\L...}, networkConnectionEnabled: false, pageLoadStrategy: normal, platformName: WINDOWS, proxy: Proxy(), se:cdp: ws://localhost:58957/devtoo..., se:cdpVersion: 109.0.1518.55, setWindowRect: true, strictFileInteractability: false, timeouts: {implicit: 0, pageLoad: 300000, script: 30000}, unhandledPromptBehavior: dismiss and notify, webauthn:extension:credBlob: true, webauthn:extension:largeBlob: true, webauthn:virtualAuthenticators: true}
Session ID: 80ba591646a620854496c688856d8daa
at java.base/jdk.internal.reflect.NativeConstructorAccessorImpl.newInstance0(Native Method)
at java.base/jdk.internal.reflect.NativeConstructorAccessorImpl.newInstance(NativeConstructorAccessorImpl.java:77)
at java.base/jdk.internal.reflect.DelegatingConstructorAccessorImpl.newInstance(DelegatingConstructorAccessorImpl.java:45)
at java.base/java.lang.reflect.Constructor.newInstanceWithCaller(Constructor.java:499)
at java.base/java.lang.reflect.Constructor.newInstance(Constructor.java:480)
at org.openqa.selenium.remote.codec.w3c.W3CHttpResponseCodec.createException(W3CHttpResponseCodec.java:200)
at org.openqa.selenium.remote.codec.w3c.W3CHttpResponseCodec.decode(W3CHttpResponseCodec.java:133)
at org.openqa.selenium.remote.codec.w3c.W3CHttpResponseCodec.decode(W3CHttpResponseCodec.java:53)
at org.openqa.selenium.remote.HttpCommandExecutor.execute(HttpCommandExecutor.java:184)
at org.openqa.selenium.remote.service.DriverCommandExecutor.invokeExecute(DriverCommandExecutor.java:167)
at org.openqa.selenium.remote.service.DriverCommandExecutor.execute(DriverCommandExecutor.java:142)
at org.openqa.selenium.remote.RemoteWebDriver.execute(RemoteWebDriver.java:535)
at org.openqa.selenium.remote.ElementLocation$ElementFinder$2.findElement(ElementLocation.java:162)
at org.openqa.selenium.remote.ElementLocation.findElement(ElementLocation.java:60)
at org.openqa.selenium.remote.RemoteWebDriver.findElement(RemoteWebDriver.java:351)
at org.openqa.selenium.remote.RemoteWebDriver.findElement(RemoteWebDriver.java:343)
at seleniumbasics.DemoWebShop.TC_003_verifyRegistration(DemoWebShop.java:99)
at java.base/jdk.internal.reflect.NativeMethodAccessorImpl.invoke0(Native Method)
at java.base/jdk.internal.reflect.NativeMethodAccessorImpl.invoke(NativeMethodAccessorImpl.java:77)
at java.base/jdk.internal.reflect.DelegatingMethodAccessorImpl.invoke(DelegatingMethodAccessorImpl.java:43)
at java.base/java.lang.reflect.Method.invoke(Method.java:568)
at org.testng.internal.invokers.MethodInvocationHelper.invokeMethod(MethodInvocationHelper.java:139)
at org.testng.internal.invokers.TestInvoker.invokeMethod(TestInvoker.java:677)
at org.testng.internal.invokers.TestInvoker.invokeTestMethod(TestInvoker.java:221)
at org.testng.internal.invokers.MethodRunner.runInSequence(MethodRunner.java:50)
at org.testng.internal.invokers.TestInvoker$MethodInvocationAgent.invoke(TestInvoker.java:969)
at org.testng.internal.invokers.TestInvoker.invokeTestMethods(TestInvoker.java:194)
at org.testng.internal.invokers.TestMethodWorker.invokeTestMethods(TestMethodWorker.java:148)
at org.testng.internal.invokers.TestMethodWorker.run(TestMethodWorker.java:128)
at java.base/java.util.ArrayList.forEach(ArrayList.java:1511)
at org.testng.TestRunner.privateRun(TestRunner.java:829)
at org.testng.TestRunner.run(TestRunner.java:602)
at org.testng.SuiteRunner.runTest(SuiteRunner.java:437)
at org.testng.SuiteRunner.runSequentially(SuiteRunner.java:431)
at org.testng.SuiteRunner.privateRun(SuiteRunner.java:391)
at org.testng.SuiteRunner.run(SuiteRunner.java:330)
at org.testng.SuiteRunnerWorker.runSuite(SuiteRunnerWorker.java:52)
at org.testng.SuiteRunnerWorker.run(SuiteRunnerWorker.java:95)
at org.testng.TestNG.runSuitesSequentially(TestNG.java:1256)
at org.testng.TestNG.runSuitesLocally(TestNG.java:1176)
at org.testng.TestNG.runSuites(TestNG.java:1099)
at org.testng.TestNG.run(TestNG.java:1067)
at com.intellij.rt.testng.IDEARemoteTestNG.run(IDEARemoteTestNG.java:66)
at com.intellij.rt.testng.RemoteTestNGStarter.main(RemoteTestNGStarter.java:109)
]]>
            </full-stacktrace>
          </exception> <!-- org.openqa.selenium.NoSuchElementException -->
          <reporter-output>
          </reporter-output>
        </test-method> <!-- TC_003_verifyRegistration -->
        <test-method is-config="true" signature="tearDown(org.testng.ITestResult)[pri:0, instance:seleniumbasics.DemoWebShop@149e0f5d]" started-at="2023-01-19T07:45:54 IST" name="tearDown" finished-at="2023-01-19T07:45:54 IST" duration-ms="392" status="PASS">
          <params>
            <param index="0">
              <value>
                <![CDATA[[TestResult name=TC_003_verifyRegistration status=FAILURE method=DemoWebShop.TC_003_verifyRegistration()[pri:0, instance:seleniumbasics.DemoWebShop@149e0f5d] output={null}]]]>
              </value>
            </param>
          </params>
          <reporter-output>
          </reporter-output>
        </test-method> <!-- tearDown -->
      </class> <!-- seleniumbasics.DemoWebShop -->
    </test> <!-- edge test -->
  </suite> <!-- Parameter suite -->
</testng-results>
