<?xml version="1.0" encoding="UTF-8"?>
<!-- Generated by org.testng.reporters.JUnitReportReporter -->
<testsuite hostname="DESKTOP-SI180QA" failures="1" tests="5" name="seleniumbasics.SeleniumBasics" time="102.560" errors="0" timestamp="2023-01-13T08:32:40 IST" skipped="0">
  <testcase classname="seleniumbasics.SeleniumBasics" name="TC_002_simpleInputForm" time="19.848"/>
  <system-out/>
  <testcase classname="seleniumbasics.SeleniumBasics" name="TC_001_verifyObsquraTitle" time="22.488">
    <failure message="Invalid Title found expected [Obsqura Testing1] but found [Obsqura Testing]" type="java.lang.AssertionError">
      <![CDATA[java.lang.AssertionError: Invalid Title found expected [Obsqura Testing1] but found [Obsqura Testing]
at org.testng.Assert.fail(Assert.java:110)
at org.testng.Assert.failNotEquals(Assert.java:1413)
at org.testng.Assert.assertEqualsImpl(Assert.java:149)
at org.testng.Assert.assertEquals(Assert.java:131)
at org.testng.Assert.assertEquals(Assert.java:655)
at seleniumbasics.SeleniumBasics.TC_001_verifyObsquraTitle(SeleniumBasics.java:97)
at java.base/jdk.internal.reflect.NativeMethodAccessorImpl.invoke0(Native Method)
at java.base/jdk.internal.reflect.NativeMethodAccessorImpl.invoke(NativeMethodAccessorImpl.java:77)
at java.base/jdk.internal.reflect.DelegatingMethodAccessorImpl.invoke(DelegatingMethodAccessorImpl.java:43)
at java.base/java.lang.reflect.Method.invoke(Method.java:568)
at org.testng.internal.invokers.MethodInvocationHelper.invokeMethod(MethodInvocationHelper.java:139)
at org.testng.internal.invokers.TestInvoker.invokeMethod(TestInvoker.java:677)
at org.testng.internal.invokers.TestInvoker.invokeTestMethod(TestInvoker.java:221)
at org.testng.internal.invokers.MethodRunner.runInSequence(MethodRunner.java:50)
at org.testng.internal.invokers.TestInvoker$MethodInvocationAgent.invoke(TestInvoker.java:969)
at org.testng.internal.invokers.TestInvoker.invokeTestMethods(TestInvoker.java:194)
at org.testng.internal.invokers.TestMethodWorker.invokeTestMethods(TestMethodWorker.java:148)
at org.testng.internal.invokers.TestMethodWorker.run(TestMethodWorker.java:128)
at java.base/java.util.ArrayList.forEach(ArrayList.java:1511)
at org.testng.TestRunner.privateRun(TestRunner.java:829)
at org.testng.TestRunner.run(TestRunner.java:602)
at org.testng.SuiteRunner.runTest(SuiteRunner.java:437)
at org.testng.SuiteRunner.runSequentially(SuiteRunner.java:431)
at org.testng.SuiteRunner.privateRun(SuiteRunner.java:391)
at org.testng.SuiteRunner.run(SuiteRunner.java:330)
at org.testng.SuiteRunnerWorker.runSuite(SuiteRunnerWorker.java:52)
at org.testng.SuiteRunnerWorker.run(SuiteRunnerWorker.java:95)
at org.testng.TestNG.runSuitesSequentially(TestNG.java:1256)
at org.testng.TestNG.runSuitesLocally(TestNG.java:1176)
at org.testng.TestNG.runSuites(TestNG.java:1099)
at org.testng.TestNG.run(TestNG.java:1067)
at com.intellij.rt.testng.IDEARemoteTestNG.run(IDEARemoteTestNG.java:66)
at com.intellij.rt.testng.RemoteTestNGStarter.main(RemoteTestNGStarter.java:109)
]]>
    </failure>
  </testcase> <!-- TC_001_verifyObsquraTitle -->
  <system-out/>
  <testcase classname="seleniumbasics.SeleniumBasics" name="TC_005_verifyEmptyFieldCityStateValidation" time="19.719"/>
  <system-out/>
  <testcase classname="seleniumbasics.SeleniumBasics" name="TC_006_verifySubmitForm" time="19.460"/>
  <system-out/>
  <testcase classname="seleniumbasics.SeleniumBasics" name="TC_003_verifyTotal" time="21.045"/>
  <system-out/>
</testsuite> <!-- seleniumbasics.SeleniumBasics -->
